<?xml version="1.0" encoding="UTF-8"?>
<testsuite xmlns:xsi="http://www.w3.org/2001/XMLSchema-instance" xsi:noNamespaceSchemaLocation="https://maven.apache.org/surefire/maven-surefire-plugin/xsd/surefire-test-report-3.0.xsd" version="3.0" name="com.foodminder.FoodMinder.DemoApplicationTests" time="2.729" tests="1" errors="0" skipped="0" failures="0">
  <properties>
[...]
</properties>
  <testcase name="contextLoads" classname="com.foodminder.FoodMinder.DemoApplicationTests" time="1.129">
    <system-out><![CDATA[20:35:25.961 [main] INFO org.springframework.test.context.support.AnnotationConfigContextLoaderUtils -- Could not detect default configuration classes for test class [com.foodminder.FoodMinder.DemoApplicationTests]: DemoApplicationTests does not declare any static, non-private, non-final, nested classes annotated with @Configuration.
20:35:26.091 [main] INFO org.springframework.boot.test.context.SpringBootTestContextBootstrapper -- Found @SpringBootConfiguration com.foodminder.FoodMinder.DemoApplication for test class com.foodminder.FoodMinder.DemoApplicationTests

  .   ____          _            __ _ _
 /\\ / ___'_ __ _ _(_)_ __  __ _ \ \ \ \
( ( )\___ | '_ | '_| | '_ \/ _` | \ \ \ \
 \\/  ___)| |_)| | | | | || (_| |  ) ) ) )
  '  |____| .__|_| |_|_| |_\__, | / / / /
 =========|_|==============|___/=/_/_/_/
 :: Spring Boot ::                (v3.1.1)

2023-07-06T20:35:26.609-03:00  INFO 292177 --- [           main] c.f.FoodMinder.DemoApplicationTests      : Starting DemoApplicationTests using Java 19.0.2 with PID 292177 (started by void in /home/void/projetos/foodminder/FoodMinder)
2023-07-06T20:35:26.611-03:00  INFO 292177 --- [           main] c.f.FoodMinder.DemoApplicationTests      : No active profile set, falling back to 1 default profile: "default"
2023-07-06T20:35:27.324-03:00  INFO 292177 --- [           main] c.f.FoodMinder.DemoApplicationTests      : Started DemoApplicationTests in 1.035 seconds (process running for 2.216)
]]></system-out>
  </testcase>
</testsuite>